<?xml version="1.0" encoding="UTF-8"?>
<!-- Generated by org.testng.reporters.JUnitXMLReporter -->
<testsuite ignored="4" hostname="DESKTOP-D4E4FAT" failures="0" tests="3" name="Test" time="83.526" errors="0" timestamp="2024-11-13T10:24:52 IST">
  <testcase classname="TcRepo.TC_02Test" name="LE_02" time="21.259"/>
  <testcase classname="TcRepo.TC_01Test" name="LE_01" time="14.616"/>
  <testcase classname="TcRepo.TC_03Test" name="LE_03" time="10.439"/>
  <testcase classname="genericutility.BaseClass" name="@AfterSuite closeDBConnection" time="0.0">
    <ignored/>
  </testcase> <!-- @AfterSuite closeDBConnection -->
  <testcase classname="genericutility.BaseClass" name="@AfterSuite closeDBConnection" time="0.0">
    <ignored/>
  </testcase> <!-- @AfterSuite closeDBConnection -->
  <testcase classname="genericutility.BaseClass" name="@BeforeSuite dbConnection" time="0.0">
    <ignored/>
  </testcase> <!-- @BeforeSuite dbConnection -->
  <testcase classname="genericutility.BaseClass" name="@BeforeSuite dbConnection" time="0.0">
    <ignored/>
  </testcase> <!-- @BeforeSuite dbConnection -->
</testsuite> <!-- Test -->
